<?xml version="1.0" encoding="UTF-8"?><testsuite errors="0" failures="0" name="tests.WeatherTest" skipped="0" tests="7" time="82.72" timestamp="2019-02-11T00:16:42.876Z[Europe/London]"><testcase classname="tests.WeatherTest" name="Test search by coordinates body"/><testcase classname="tests.WeatherTest" name="Test search by city name"/><testcase classname="tests.WeatherTest" name="Test search by city name with no key"/><testcase classname="tests.WeatherTest" name="Test search by zip code country body"/><testcase classname="tests.WeatherTest" name="Test search by city id body"/><testcase classname="tests.WeatherTest" name="Test search by city name body"/><testcase classname="tests.WeatherTest" name="Test search by zip code body"/></testsuite>